<?xml version="1.0" encoding="UTF-8"?>
<!-- Generated by org.testng.reporters.JUnitReportReporter -->
<testsuite hostname="ubuntu" name="storm.starter.tools.SlotBasedCounterTest" tests="16" failures="0" timestamp="11 Nov 2014 14:56:59 GMT" time="0.035" errors="0">
  <testcase name="shouldReturnNonEmptyCountsWhenAtLeastOneObjectWasCounted" time="0.002" classname="storm.starter.tools.SlotBasedCounterTest"/>
  <testcase name="negativeOrZeroNumSlotsShouldThrowIAE" time="0.000" classname="storm.starter.tools.SlotBasedCounterTest"/>
  <testcase name="negativeOrZeroNumSlotsShouldThrowIAE" time="0.000" classname="storm.starter.tools.SlotBasedCounterTest"/>
  <testcase name="wipeZerosShouldRemoveAnyObjectsWithZeroTotalCount" time="0.001" classname="storm.starter.tools.SlotBasedCounterTest"/>
  <testcase name="shouldIncrementCount" time="0.009" classname="storm.starter.tools.SlotBasedCounterTest"/>
  <testcase name="negativeOrZeroNumSlotsShouldThrowIAE" time="0.000" classname="storm.starter.tools.SlotBasedCounterTest"/>
  <testcase name="positiveNumSlotsShouldBeOk" time="0.000" classname="storm.starter.tools.SlotBasedCounterTest"/>
  <testcase name="shouldIncrementCountOnlyOneSlotAtATime" time="0.002" classname="storm.starter.tools.SlotBasedCounterTest"/>
  <testcase name="negativeOrZeroNumSlotsShouldThrowIAE" time="0.000" classname="storm.starter.tools.SlotBasedCounterTest"/>
  <testcase name="shouldReturnZeroForNonexistentObject" time="0.001" classname="storm.starter.tools.SlotBasedCounterTest"/>
  <testcase name="positiveNumSlotsShouldBeOk" time="0.001" classname="storm.starter.tools.SlotBasedCounterTest"/>
  <testcase name="newInstanceShouldHaveEmptyCounts" time="0.000" classname="storm.starter.tools.SlotBasedCounterTest"/>
  <testcase name="negativeOrZeroNumSlotsShouldThrowIAE" time="0.000" classname="storm.starter.tools.SlotBasedCounterTest"/>
  <testcase name="positiveNumSlotsShouldBeOk" time="0.017" classname="storm.starter.tools.SlotBasedCounterTest"/>
  <testcase name="positiveNumSlotsShouldBeOk" time="0.000" classname="storm.starter.tools.SlotBasedCounterTest"/>
  <testcase name="wipeSlotShouldSetAllCountsInSlotToZero" time="0.002" classname="storm.starter.tools.SlotBasedCounterTest"/>
</testsuite> <!-- storm.starter.tools.SlotBasedCounterTest -->
