<?xml version="1.0" encoding="UTF-8" ?>
<testsuite failures="0" time="12.514" errors="0" skipped="0" tests="23" name="storm.starter.bolt.FrameworkTest">
  <properties>
    <property name="java.runtime.name" value="Java(TM) SE Runtime Environment"/>
    <property name="sun.boot.library.path" value="/usr/lib/jvm/java-7-oracle/jre/lib/amd64"/>
    <property name="java.vm.version" value="24.60-b09"/>
    <property name="java.vm.vendor" value="Oracle Corporation"/>
    <property name="java.vendor.url" value="http://java.oracle.com/"/>
    <property name="path.separator" value=":"/>
    <property name="guice.disable.misplaced.annotation.check" value="true"/>
    <property name="java.vm.name" value="Java HotSpot(TM) 64-Bit Server VM"/>
    <property name="file.encoding.pkg" value="sun.io"/>
    <property name="user.country" value="US"/>
    <property name="sun.java.launcher" value="SUN_STANDARD"/>
    <property name="sun.os.patch.level" value="unknown"/>
    <property name="java.vm.specification.name" value="Java Virtual Machine Specification"/>
    <property name="user.dir" value="/home/achueva/incubator-storm/examples/TwitterCounter"/>
    <property name="java.runtime.version" value="1.7.0_60-b19"/>
    <property name="java.awt.graphicsenv" value="sun.awt.X11GraphicsEnvironment"/>
    <property name="java.endorsed.dirs" value="/usr/lib/jvm/java-7-oracle/jre/lib/endorsed"/>
    <property name="os.arch" value="amd64"/>
    <property name="java.io.tmpdir" value="/tmp"/>
    <property name="line.separator" value="
"/>
    <property name="java.vm.specification.vendor" value="Oracle Corporation"/>
    <property name="os.name" value="Linux"/>
    <property name="classworlds.conf" value="/usr/share/maven/bin/m2.conf"/>
    <property name="sun.jnu.encoding" value="UTF-8"/>
    <property name="java.library.path" value="/usr/java/packages/lib/amd64:/usr/lib64:/lib64:/lib:/usr/lib"/>
    <property name="java.specification.name" value="Java Platform API Specification"/>
    <property name="java.class.version" value="51.0"/>
    <property name="sun.management.compiler" value="HotSpot 64-Bit Tiered Compilers"/>
    <property name="os.version" value="3.11.0-15-generic"/>
    <property name="user.home" value="/home/achueva"/>
    <property name="user.timezone" value="Europe/Prague"/>
    <property name="java.awt.printerjob" value="sun.print.PSPrinterJob"/>
    <property name="file.encoding" value="UTF-8"/>
    <property name="java.specification.version" value="1.7"/>
    <property name="user.name" value="achueva"/>
    <property name="java.class.path" value="/usr/share/maven/boot/plexus-classworlds-2.x.jar"/>
    <property name="java.vm.specification.version" value="1.7"/>
    <property name="sun.arch.data.model" value="64"/>
    <property name="java.home" value="/usr/lib/jvm/java-7-oracle/jre"/>
    <property name="sun.java.command" value="org.codehaus.plexus.classworlds.launcher.Launcher package"/>
    <property name="java.specification.vendor" value="Oracle Corporation"/>
    <property name="user.language" value="en"/>
    <property name="awt.toolkit" value="sun.awt.X11.XToolkit"/>
    <property name="java.vm.info" value="mixed mode"/>
    <property name="java.version" value="1.7.0_60"/>
    <property name="java.ext.dirs" value="/usr/lib/jvm/java-7-oracle/jre/lib/ext:/usr/java/packages/lib/ext"/>
    <property name="securerandom.source" value="file:/dev/./urandom"/>
    <property name="sun.boot.class.path" value="/usr/lib/jvm/java-7-oracle/jre/lib/resources.jar:/usr/lib/jvm/java-7-oracle/jre/lib/rt.jar:/usr/lib/jvm/java-7-oracle/jre/lib/sunrsasign.jar:/usr/lib/jvm/java-7-oracle/jre/lib/jsse.jar:/usr/lib/jvm/java-7-oracle/jre/lib/jce.jar:/usr/lib/jvm/java-7-oracle/jre/lib/charsets.jar:/usr/lib/jvm/java-7-oracle/jre/lib/jfr.jar:/usr/lib/jvm/java-7-oracle/jre/classes"/>
    <property name="java.vendor" value="Oracle Corporation"/>
    <property name="maven.home" value="/usr/share/maven"/>
    <property name="file.separator" value="/"/>
    <property name="java.vendor.url.bug" value="http://bugreport.sun.com/bugreport/"/>
    <property name="sun.cpu.endian" value="little"/>
    <property name="sun.io.unicode.encoding" value="UnicodeLittle"/>
    <property name="sun.desktop" value="gnome"/>
    <property name="sun.cpu.isalist" value=""/>
  </properties>
  <testcase time="0.936" classname="storm.starter.bolt.FrameworkTest" name="TestA_DBConnectionOK"/>
  <testcase time="0.243" classname="storm.starter.bolt.FrameworkTest" name="TestB_illegalTupleInput"/>
  <testcase time="0.008" classname="storm.starter.bolt.FrameworkTest" name="TestB_illegalTupleInput"/>
  <testcase time="0.047" classname="storm.starter.bolt.FrameworkTest" name="TestC_EmitNewTweet"/>
  <testcase time="0.039" classname="storm.starter.bolt.FrameworkTest" name="TestD_UpdateOldTweet"/>
  <testcase time="0.029" classname="storm.starter.bolt.FrameworkTest" name="TestDeclareOutputFields_AnalysisBolt"/>
  <testcase time="0.003" classname="storm.starter.bolt.FrameworkTest" name="TestDeclareOutputFields_MongoSaveBolt"/>
  <testcase time="0.005" classname="storm.starter.bolt.FrameworkTest" name="TestDeclareOutputFields_TweetUpdateBolt"/>
  <testcase time="1.375" classname="storm.starter.bolt.FrameworkTest" name="TestE_prepareAnalysisBolt"/>
  <testcase time="1.003" classname="storm.starter.bolt.FrameworkTest" name="TestF_extractSentiment"/>
  <testcase time="0.734" classname="storm.starter.bolt.FrameworkTest" name="TestF_extractSentiment"/>
  <testcase time="0.773" classname="storm.starter.bolt.FrameworkTest" name="TestF_extractSentiment"/>
  <testcase time="0.747" classname="storm.starter.bolt.FrameworkTest" name="TestF_extractSentiment"/>
  <testcase time="0.689" classname="storm.starter.bolt.FrameworkTest" name="TestF_extractSentiment"/>
  <testcase time="0.726" classname="storm.starter.bolt.FrameworkTest" name="TestF_extractSentiment"/>
  <testcase time="0.713" classname="storm.starter.bolt.FrameworkTest" name="TestG_EmitNewTweet"/>
  <testcase time="0.759" classname="storm.starter.bolt.FrameworkTest" name="TestG_illegalTupleInput"/>
  <testcase time="0.694" classname="storm.starter.bolt.FrameworkTest" name="TestG_illegalTupleInput"/>
  <testcase time="0.004" classname="storm.starter.bolt.FrameworkTest" name="TestH_illegalTupleInput"/>
  <testcase time="0.015" classname="storm.starter.bolt.FrameworkTest" name="TestH_illegalTupleInput"/>
  <testcase time="0.167" classname="storm.starter.bolt.FrameworkTest" name="TestI_AnalyseAndSave"/>
  <testcase time="2.231" classname="storm.starter.bolt.FrameworkTest" name="TestK"/>
  <testcase time="0.039" classname="storm.starter.bolt.FrameworkTest" name="TestZ_DropDB"/>
</testsuite>